  INFO ---------------------------------------------------------------------------
  INFO START 2017-05-03 19:11:18 +0200 cap staging deploy
  INFO ---------------------------------------------------------------------------
  INFO [0c9e29d4] Running /usr/bin/env mkdir -p /tmp as ubuntu@coderpeter.se
  INFO [0c9e29d4] Finished in 0.660 seconds with exit status 0 (successful).
  INFO Uploading /tmp/git-ssh-multigrass-staging-peterkohlichhaus.sh 100.0%
  INFO [3d657a90] Running /usr/bin/env chmod 700 /tmp/git-ssh-multigrass-staging-peterkohlichhaus.sh as ubuntu@coderpeter.se
  INFO [3d657a90] Finished in 0.109 seconds with exit status 0 (successful).
  INFO [9a10f102] Running /usr/bin/env git ls-remote https://github.com/PeterKohlichhaus/multigrass HEAD as ubuntu@coderpeter.se
  INFO [9a10f102] Finished in 0.795 seconds with exit status 0 (successful).
  INFO [a67f6fd5] Running /usr/bin/env mkdir -p /var/www/html/multigrass/shared /var/www/html/multigrass/releases as ubuntu@coderpeter.se
  INFO [a67f6fd5] Finished in 0.098 seconds with exit status 0 (successful).
  INFO [67ac9e9f] Running /usr/bin/env mkdir -p /var/www/html/multigrass/shared/web/app/uploads as ubuntu@coderpeter.se
  INFO [67ac9e9f] Finished in 0.108 seconds with exit status 0 (successful).
  INFO [187b910d] Running /usr/bin/env mkdir -p /var/www/html/multigrass/shared as ubuntu@coderpeter.se
  INFO [187b910d] Finished in 0.096 seconds with exit status 0 (successful).
  INFO The repository mirror is at /var/www/html/multigrass/repo
  INFO [bb963b2d] Running /usr/bin/env git remote set-url origin https://github.com/PeterKohlichhaus/multigrass as ubuntu@coderpeter.se
  INFO [bb963b2d] Finished in 0.117 seconds with exit status 0 (successful).
  INFO [dd44fdef] Running /usr/bin/env git remote update --prune as ubuntu@coderpeter.se
  INFO [dd44fdef] Finished in 0.689 seconds with exit status 0 (successful).
  INFO [7b13ab42] Running /usr/bin/env mkdir -p /var/www/html/multigrass/releases/20170503171120 as ubuntu@coderpeter.se
  INFO [7b13ab42] Finished in 0.303 seconds with exit status 0 (successful).
  INFO [3da757db] Running /usr/bin/env git archive master | /usr/bin/env tar -x -f - -C /var/www/html/multigrass/releases/20170503171120 as ubuntu@coderpeter.se
  INFO [3da757db] Finished in 0.255 seconds with exit status 0 (successful).
  INFO [61c09af7] Running /usr/bin/env echo "9d68305a5bece3dd45550da4496155a2995b9fc2" >> REVISION as ubuntu@coderpeter.se
  INFO [61c09af7] Finished in 0.478 seconds with exit status 0 (successful).
  INFO [b6206755] Running /usr/bin/env mkdir -p /var/www/html/multigrass/releases/20170503171120 as ubuntu@coderpeter.se
  INFO [b6206755] Finished in 0.114 seconds with exit status 0 (successful).
  INFO [2c97dd3e] Running /usr/bin/env ln -s /var/www/html/multigrass/shared/.env /var/www/html/multigrass/releases/20170503171120/.env as ubuntu@coderpeter.se
  INFO [2c97dd3e] Finished in 0.098 seconds with exit status 0 (successful).
  INFO [576b2881] Running /usr/bin/env mkdir -p /var/www/html/multigrass/releases/20170503171120/web/app as ubuntu@coderpeter.se
  INFO [576b2881] Finished in 0.103 seconds with exit status 0 (successful).
  INFO [f5277ceb] Running /usr/bin/env rm -rf /var/www/html/multigrass/releases/20170503171120/web/app/uploads as ubuntu@coderpeter.se
  INFO [f5277ceb] Finished in 0.098 seconds with exit status 0 (successful).
  INFO [96fc9a97] Running /usr/bin/env ln -s /var/www/html/multigrass/shared/web/app/uploads /var/www/html/multigrass/releases/20170503171120/web/app/uploads as ubuntu@coderpeter.se
  INFO [96fc9a97] Finished in 0.098 seconds with exit status 0 (successful).
  INFO [045fbe06] Running /usr/bin/env composer install --no-dev --prefer-dist --no-interaction --quiet --optimize-autoloader as ubuntu@coderpeter.se
  INFO [045fbe06] Finished in 1.029 seconds with exit status 0 (successful).
  INFO [e4093039] Running /usr/bin/env ln -s /var/www/html/multigrass/releases/20170503171120 /var/www/html/multigrass/releases/current as ubuntu@coderpeter.se
  INFO [e4093039] Finished in 0.098 seconds with exit status 0 (successful).
  INFO [4e64873a] Running /usr/bin/env mv /var/www/html/multigrass/releases/current /var/www/html/multigrass as ubuntu@coderpeter.se
  INFO [4e64873a] Finished in 0.095 seconds with exit status 0 (successful).
  INFO [5b24f609] Running /usr/bin/env echo 'blaa' >  /var/www/html/multigrass/works.txt as ubuntu@coderpeter.se
  INFO [5b24f609] Finished in 0.109 seconds with exit status 0 (successful).
  INFO Keeping 5 of 6 deployed releases on coderpeter.se
  INFO [232558c7] Running /usr/bin/env rm -rf /var/www/html/multigrass/releases/20170503161811 as ubuntu@coderpeter.se
  INFO [232558c7] Finished in 0.141 seconds with exit status 0 (successful).
  INFO [2d253958] Running /usr/bin/env echo "Branch master (at 9d68305a5bece3dd45550da4496155a2995b9fc2) deployed as release 20170503171120 by peterkohlichhaus" >> /var/www/html/multigrass/revisions.log as ubuntu@coderpeter.se
  INFO [2d253958] Finished in 0.098 seconds with exit status 0 (successful).
  INFO ---------------------------------------------------------------------------
  INFO START 2017-05-03 19:26:47 +0200 cap staging deploy
  INFO ---------------------------------------------------------------------------
  INFO [344ab8c9] Running /usr/bin/env mkdir -p /tmp as ubuntu@coderpeter.se
  INFO [344ab8c9] Finished in 0.617 seconds with exit status 0 (successful).
  INFO Uploading /tmp/git-ssh-multigrass-staging-peterkohlichhaus.sh 100.0%
  INFO [5c57c2bf] Running /usr/bin/env chmod 700 /tmp/git-ssh-multigrass-staging-peterkohlichhaus.sh as ubuntu@coderpeter.se
  INFO [5c57c2bf] Finished in 0.090 seconds with exit status 0 (successful).
  INFO [7187c611] Running /usr/bin/env git ls-remote https://github.com/PeterKohlichhaus/multigrass HEAD as ubuntu@coderpeter.se
  INFO [7187c611] Finished in 0.706 seconds with exit status 0 (successful).
  INFO [b157c227] Running /usr/bin/env mkdir -p /var/www/html/multigrass/shared /var/www/html/multigrass/releases as ubuntu@coderpeter.se
  INFO [b157c227] Finished in 0.089 seconds with exit status 0 (successful).
  INFO [d75b69c7] Running /usr/bin/env mkdir -p /var/www/html/multigrass/shared/web/app/uploads as ubuntu@coderpeter.se
  INFO [d75b69c7] Finished in 0.094 seconds with exit status 0 (successful).
  INFO [681a02f5] Running /usr/bin/env mkdir -p /var/www/html/multigrass/shared as ubuntu@coderpeter.se
  INFO [681a02f5] Finished in 0.097 seconds with exit status 0 (successful).
  INFO The repository mirror is at /var/www/html/multigrass/repo
  INFO [3b274338] Running /usr/bin/env git remote set-url origin https://github.com/PeterKohlichhaus/multigrass as ubuntu@coderpeter.se
  INFO [3b274338] Finished in 0.089 seconds with exit status 0 (successful).
  INFO [d79bd02f] Running /usr/bin/env git remote update --prune as ubuntu@coderpeter.se
  INFO [d79bd02f] Finished in 0.705 seconds with exit status 0 (successful).
  INFO [3e19b44d] Running /usr/bin/env mkdir -p /var/www/html/multigrass/releases/20170503172650 as ubuntu@coderpeter.se
  INFO [3e19b44d] Finished in 0.095 seconds with exit status 0 (successful).
  INFO [b2054921] Running /usr/bin/env git archive master | /usr/bin/env tar -x -f - -C /var/www/html/multigrass/releases/20170503172650 as ubuntu@coderpeter.se
  INFO [b2054921] Finished in 0.123 seconds with exit status 0 (successful).
  INFO [ae4dbda9] Running /usr/bin/env echo "9d68305a5bece3dd45550da4496155a2995b9fc2" >> REVISION as ubuntu@coderpeter.se
  INFO [ae4dbda9] Finished in 0.092 seconds with exit status 0 (successful).
  INFO [43fc8e6f] Running /usr/bin/env mkdir -p /var/www/html/multigrass/releases/20170503172650 as ubuntu@coderpeter.se
  INFO [43fc8e6f] Finished in 0.094 seconds with exit status 0 (successful).
  INFO [d7b0c56e] Running /usr/bin/env ln -s /var/www/html/multigrass/shared/.env /var/www/html/multigrass/releases/20170503172650/.env as ubuntu@coderpeter.se
  INFO [d7b0c56e] Finished in 0.089 seconds with exit status 0 (successful).
  INFO [945f6e19] Running /usr/bin/env mkdir -p /var/www/html/multigrass/releases/20170503172650/web/app as ubuntu@coderpeter.se
  INFO [945f6e19] Finished in 0.091 seconds with exit status 0 (successful).
  INFO [61f46766] Running /usr/bin/env rm -rf /var/www/html/multigrass/releases/20170503172650/web/app/uploads as ubuntu@coderpeter.se
  INFO [61f46766] Finished in 0.090 seconds with exit status 0 (successful).
  INFO [621ecb1b] Running /usr/bin/env ln -s /var/www/html/multigrass/shared/web/app/uploads /var/www/html/multigrass/releases/20170503172650/web/app/uploads as ubuntu@coderpeter.se
  INFO [621ecb1b] Finished in 0.095 seconds with exit status 0 (successful).
  INFO [c0680283] Running /usr/bin/env composer install --no-dev --prefer-dist --no-interaction --quiet --optimize-autoloader as ubuntu@coderpeter.se
  INFO [c0680283] Finished in 1.090 seconds with exit status 0 (successful).
  INFO [123025ae] Running /usr/bin/env ln -s /var/www/html/multigrass/releases/20170503172650 /var/www/html/multigrass/releases/current as ubuntu@coderpeter.se
  INFO [123025ae] Finished in 0.097 seconds with exit status 0 (successful).
  INFO [ceb1fd7f] Running /usr/bin/env mv /var/www/html/multigrass/releases/current /var/www/html/multigrass as ubuntu@coderpeter.se
  INFO [ceb1fd7f] Finished in 0.094 seconds with exit status 0 (successful).
  INFO [dccc7e4f] Running /usr/bin/env echo 'blaa' >  /var/www/html/multigrass/works.txt as ubuntu@coderpeter.se
  INFO [dccc7e4f] Finished in 0.093 seconds with exit status 0 (successful).
  INFO Keeping 5 of 6 deployed releases on coderpeter.se
  INFO [242c3ad9] Running /usr/bin/env rm -rf /var/www/html/multigrass/releases/20170503162316 as ubuntu@coderpeter.se
  INFO [242c3ad9] Finished in 0.123 seconds with exit status 0 (successful).
  INFO [78fe1c87] Running /usr/bin/env echo "Branch master (at 9d68305a5bece3dd45550da4496155a2995b9fc2) deployed as release 20170503172650 by peterkohlichhaus" >> /var/www/html/multigrass/revisions.log as ubuntu@coderpeter.se
  INFO [78fe1c87] Finished in 0.095 seconds with exit status 0 (successful).
  INFO ---------------------------------------------------------------------------
  INFO START 2017-05-03 19:44:36 +0200 cap staging deploy
  INFO ---------------------------------------------------------------------------
  INFO [c5e7210a] Running /usr/bin/env mkdir -p /tmp as ubuntu@coderpeter.se
  INFO [c5e7210a] Finished in 0.604 seconds with exit status 0 (successful).
  INFO Uploading /tmp/git-ssh-multigrass-staging-peterkohlichhaus.sh 100.0%
  INFO [e3578e54] Running /usr/bin/env chmod 700 /tmp/git-ssh-multigrass-staging-peterkohlichhaus.sh as ubuntu@coderpeter.se
  INFO [e3578e54] Finished in 0.096 seconds with exit status 0 (successful).
  INFO [59740636] Running /usr/bin/env git ls-remote https://github.com/PeterKohlichhaus/multigrass HEAD as ubuntu@coderpeter.se
  INFO [59740636] Finished in 0.711 seconds with exit status 0 (successful).
  INFO [cf08acde] Running /usr/bin/env mkdir -p /var/www/html/multigrass/shared /var/www/html/multigrass/releases as ubuntu@coderpeter.se
  INFO [cf08acde] Finished in 0.092 seconds with exit status 0 (successful).
  INFO [a55117b2] Running /usr/bin/env mkdir -p /var/www/html/multigrass/shared/web/app/uploads as ubuntu@coderpeter.se
  INFO [a55117b2] Finished in 0.092 seconds with exit status 0 (successful).
  INFO [6e5d00fe] Running /usr/bin/env mkdir -p /var/www/html/multigrass/shared as ubuntu@coderpeter.se
  INFO [6e5d00fe] Finished in 0.092 seconds with exit status 0 (successful).
  INFO The repository mirror is at /var/www/html/multigrass/repo
  INFO [ab3113ec] Running /usr/bin/env git remote set-url origin https://github.com/PeterKohlichhaus/multigrass as ubuntu@coderpeter.se
  INFO [ab3113ec] Finished in 0.096 seconds with exit status 0 (successful).
  INFO [b1be1dc7] Running /usr/bin/env git remote update --prune as ubuntu@coderpeter.se
  INFO [b1be1dc7] Finished in 0.903 seconds with exit status 0 (successful).
  INFO [a01ed609] Running /usr/bin/env mkdir -p /var/www/html/multigrass/releases/20170503174439 as ubuntu@coderpeter.se
  INFO [a01ed609] Finished in 0.093 seconds with exit status 0 (successful).
  INFO [f235b558] Running /usr/bin/env git archive master | /usr/bin/env tar -x -f - -C /var/www/html/multigrass/releases/20170503174439 as ubuntu@coderpeter.se
  INFO [f235b558] Finished in 0.128 seconds with exit status 0 (successful).
  INFO [57bf6685] Running /usr/bin/env echo "77ab9b12d775acb4646aec7a7419f8c331c029be" >> REVISION as ubuntu@coderpeter.se
  INFO [57bf6685] Finished in 0.104 seconds with exit status 0 (successful).
  INFO [496fb503] Running /usr/bin/env mkdir -p /var/www/html/multigrass/releases/20170503174439 as ubuntu@coderpeter.se
  INFO [496fb503] Finished in 0.091 seconds with exit status 0 (successful).
  INFO [39844eb5] Running /usr/bin/env ln -s /var/www/html/multigrass/shared/.env /var/www/html/multigrass/releases/20170503174439/.env as ubuntu@coderpeter.se
  INFO [39844eb5] Finished in 0.100 seconds with exit status 0 (successful).
  INFO [7b3cfd2b] Running /usr/bin/env mkdir -p /var/www/html/multigrass/releases/20170503174439/web/app as ubuntu@coderpeter.se
  INFO [7b3cfd2b] Finished in 0.092 seconds with exit status 0 (successful).
  INFO [eef628d4] Running /usr/bin/env rm -rf /var/www/html/multigrass/releases/20170503174439/web/app/uploads as ubuntu@coderpeter.se
  INFO [eef628d4] Finished in 0.089 seconds with exit status 0 (successful).
  INFO [b762ad7b] Running /usr/bin/env ln -s /var/www/html/multigrass/shared/web/app/uploads /var/www/html/multigrass/releases/20170503174439/web/app/uploads as ubuntu@coderpeter.se
  INFO [b762ad7b] Finished in 0.093 seconds with exit status 0 (successful).
  INFO [bb7f168a] Running /usr/bin/env composer install --no-dev --prefer-dist --no-interaction --quiet --optimize-autoloader as ubuntu@coderpeter.se
  INFO [bb7f168a] Finished in 0.996 seconds with exit status 0 (successful).
  INFO [a81b923e] Running /usr/bin/env ln -s /var/www/html/multigrass/releases/20170503174439 /var/www/html/multigrass/releases/current as ubuntu@coderpeter.se
  INFO [a81b923e] Finished in 0.099 seconds with exit status 0 (successful).
  INFO [70d0a91e] Running /usr/bin/env mv /var/www/html/multigrass/releases/current /var/www/html/multigrass as ubuntu@coderpeter.se
  INFO [70d0a91e] Finished in 0.095 seconds with exit status 0 (successful).
  INFO [0eb54db4] Running /usr/bin/env echo 'blaa' >  /var/www/html/multigrass/works.txt as ubuntu@coderpeter.se
  INFO [0eb54db4] Finished in 0.092 seconds with exit status 0 (successful).
  INFO Keeping 5 of 6 deployed releases on coderpeter.se
  INFO [74658e93] Running /usr/bin/env rm -rf /var/www/html/multigrass/releases/20170503162716 as ubuntu@coderpeter.se
  INFO [74658e93] Finished in 0.116 seconds with exit status 0 (successful).
  INFO [3a43f55f] Running /usr/bin/env echo "Branch master (at 77ab9b12d775acb4646aec7a7419f8c331c029be) deployed as release 20170503174439 by peterkohlichhaus" >> /var/www/html/multigrass/revisions.log as ubuntu@coderpeter.se
  INFO [3a43f55f] Finished in 0.092 seconds with exit status 0 (successful).
  INFO ---------------------------------------------------------------------------
  INFO START 2017-05-03 19:49:19 +0200 cap staging deploy
  INFO ---------------------------------------------------------------------------
  INFO [7e870a27] Running /usr/bin/env mkdir -p /tmp as ubuntu@coderpeter.se
  INFO [7e870a27] Finished in 0.633 seconds with exit status 0 (successful).
  INFO Uploading /tmp/git-ssh-multigrass-staging-peterkohlichhaus.sh 100.0%
  INFO [27d7cdd3] Running /usr/bin/env chmod 700 /tmp/git-ssh-multigrass-staging-peterkohlichhaus.sh as ubuntu@coderpeter.se
  INFO [27d7cdd3] Finished in 0.100 seconds with exit status 0 (successful).
  INFO [aa60e9de] Running /usr/bin/env git ls-remote https://github.com/PeterKohlichhaus/multigrass HEAD as ubuntu@coderpeter.se
  INFO [aa60e9de] Finished in 0.719 seconds with exit status 0 (successful).
  INFO [5ae3c132] Running /usr/bin/env mkdir -p /var/www/html/multigrass/shared /var/www/html/multigrass/releases as ubuntu@coderpeter.se
  INFO [5ae3c132] Finished in 0.097 seconds with exit status 0 (successful).
  INFO [a6e9a786] Running /usr/bin/env mkdir -p /var/www/html/multigrass/shared/web/app/uploads as ubuntu@coderpeter.se
  INFO [a6e9a786] Finished in 0.099 seconds with exit status 0 (successful).
  INFO [7fc05287] Running /usr/bin/env mkdir -p /var/www/html/multigrass/shared as ubuntu@coderpeter.se
  INFO [7fc05287] Finished in 0.102 seconds with exit status 0 (successful).
  INFO The repository mirror is at /var/www/html/multigrass/repo
  INFO [1e4468f8] Running /usr/bin/env git remote set-url origin https://github.com/PeterKohlichhaus/multigrass as ubuntu@coderpeter.se
  INFO [1e4468f8] Finished in 0.099 seconds with exit status 0 (successful).
  INFO [769d0030] Running /usr/bin/env git remote update --prune as ubuntu@coderpeter.se
  INFO [769d0030] Finished in 0.918 seconds with exit status 0 (successful).
  INFO [36030901] Running /usr/bin/env mkdir -p /var/www/html/multigrass/releases/20170503174921 as ubuntu@coderpeter.se
  INFO [36030901] Finished in 0.097 seconds with exit status 0 (successful).
  INFO [f1c7e034] Running /usr/bin/env git archive master | /usr/bin/env tar -x -f - -C /var/www/html/multigrass/releases/20170503174921 as ubuntu@coderpeter.se
  INFO [f1c7e034] Finished in 0.119 seconds with exit status 0 (successful).
  INFO [1d3aa8ba] Running /usr/bin/env echo "0f5e2691bb65e1b5da90aacf3578a6d961db6516" >> REVISION as ubuntu@coderpeter.se
  INFO [1d3aa8ba] Finished in 0.099 seconds with exit status 0 (successful).
  INFO [e05bbd38] Running /usr/bin/env mkdir -p /var/www/html/multigrass/releases/20170503174921 as ubuntu@coderpeter.se
  INFO [e05bbd38] Finished in 0.099 seconds with exit status 0 (successful).
  INFO [841edd0e] Running /usr/bin/env ln -s /var/www/html/multigrass/shared/.env /var/www/html/multigrass/releases/20170503174921/.env as ubuntu@coderpeter.se
  INFO [841edd0e] Finished in 0.099 seconds with exit status 0 (successful).
  INFO [3a6bd7aa] Running /usr/bin/env mkdir -p /var/www/html/multigrass/releases/20170503174921/web/app as ubuntu@coderpeter.se
  INFO [3a6bd7aa] Finished in 0.100 seconds with exit status 0 (successful).
  INFO [903c286b] Running /usr/bin/env rm -rf /var/www/html/multigrass/releases/20170503174921/web/app/uploads as ubuntu@coderpeter.se
  INFO [903c286b] Finished in 0.112 seconds with exit status 0 (successful).
  INFO [1bc25447] Running /usr/bin/env ln -s /var/www/html/multigrass/shared/web/app/uploads /var/www/html/multigrass/releases/20170503174921/web/app/uploads as ubuntu@coderpeter.se
  INFO [1bc25447] Finished in 0.103 seconds with exit status 0 (successful).
  INFO [ff2d8a3c] Running /usr/bin/env composer install --no-dev --prefer-dist --no-interaction --quiet --optimize-autoloader as ubuntu@coderpeter.se
  INFO [ff2d8a3c] Finished in 1.078 seconds with exit status 0 (successful).
  INFO [55773f0d] Running /usr/bin/env ln -s /var/www/html/multigrass/releases/20170503174921 /var/www/html/multigrass/releases/current as ubuntu@coderpeter.se
  INFO [55773f0d] Finished in 0.100 seconds with exit status 0 (successful).
  INFO [9625e17b] Running /usr/bin/env mv /var/www/html/multigrass/releases/current /var/www/html/multigrass as ubuntu@coderpeter.se
  INFO [9625e17b] Finished in 0.103 seconds with exit status 0 (successful).
  INFO [8bf0cfeb] Running /usr/bin/env echo 'blaa' >  /var/www/html/multigrass/works.txt as ubuntu@coderpeter.se
  INFO [8bf0cfeb] Finished in 0.101 seconds with exit status 0 (successful).
  INFO Keeping 5 of 6 deployed releases on coderpeter.se
  INFO [a87c5436] Running /usr/bin/env rm -rf /var/www/html/multigrass/releases/20170503162920 as ubuntu@coderpeter.se
  INFO [a87c5436] Finished in 0.126 seconds with exit status 0 (successful).
  INFO [753fd1c9] Running /usr/bin/env echo "Branch master (at 0f5e2691bb65e1b5da90aacf3578a6d961db6516) deployed as release 20170503174921 by peterkohlichhaus" >> /var/www/html/multigrass/revisions.log as ubuntu@coderpeter.se
  INFO [753fd1c9] Finished in 0.104 seconds with exit status 0 (successful).
  INFO ---------------------------------------------------------------------------
  INFO START 2017-05-03 19:55:16 +0200 cap staging deploy
  INFO ---------------------------------------------------------------------------
  INFO [6f49fe7d] Running /usr/bin/env mkdir -p /tmp as ubuntu@coderpeter.se
  INFO [6f49fe7d] Finished in 0.594 seconds with exit status 0 (successful).
  INFO Uploading /tmp/git-ssh-multigrass-staging-peterkohlichhaus.sh 100.0%
  INFO [cea3a39e] Running /usr/bin/env chmod 700 /tmp/git-ssh-multigrass-staging-peterkohlichhaus.sh as ubuntu@coderpeter.se
  INFO [cea3a39e] Finished in 0.096 seconds with exit status 0 (successful).
  INFO [7ee943eb] Running /usr/bin/env git ls-remote https://github.com/PeterKohlichhaus/multigrass HEAD as ubuntu@coderpeter.se
  INFO [7ee943eb] Finished in 0.746 seconds with exit status 0 (successful).
  INFO [a5b2d36a] Running /usr/bin/env mkdir -p /var/www/html/multigrass/shared /var/www/html/multigrass/releases as ubuntu@coderpeter.se
  INFO [a5b2d36a] Finished in 0.095 seconds with exit status 0 (successful).
  INFO [70f23956] Running /usr/bin/env mkdir -p /var/www/html/multigrass/shared/web/app/uploads as ubuntu@coderpeter.se
  INFO [70f23956] Finished in 0.105 seconds with exit status 0 (successful).
  INFO [be05c5f5] Running /usr/bin/env mkdir -p /var/www/html/multigrass/shared as ubuntu@coderpeter.se
  INFO [be05c5f5] Finished in 0.099 seconds with exit status 0 (successful).
  INFO The repository mirror is at /var/www/html/multigrass/repo
  INFO [cc684b76] Running /usr/bin/env git remote set-url origin https://github.com/PeterKohlichhaus/multigrass as ubuntu@coderpeter.se
  INFO [cc684b76] Finished in 0.095 seconds with exit status 0 (successful).
  INFO [5482eaba] Running /usr/bin/env git remote update --prune as ubuntu@coderpeter.se
  INFO [5482eaba] Finished in 0.900 seconds with exit status 0 (successful).
  INFO [38cb673c] Running /usr/bin/env mkdir -p /var/www/html/multigrass/releases/20170503175518 as ubuntu@coderpeter.se
  INFO [38cb673c] Finished in 0.096 seconds with exit status 0 (successful).
  INFO [2a44ef06] Running /usr/bin/env git archive master | /usr/bin/env tar -x -f - -C /var/www/html/multigrass/releases/20170503175518 as ubuntu@coderpeter.se
  INFO [2a44ef06] Finished in 0.118 seconds with exit status 0 (successful).
  INFO [b53c4ddf] Running /usr/bin/env echo "f682938096c5ec264feb085a254fe493e10631f0" >> REVISION as ubuntu@coderpeter.se
  INFO [b53c4ddf] Finished in 0.098 seconds with exit status 0 (successful).
  INFO [b83f6dae] Running /usr/bin/env mkdir -p /var/www/html/multigrass/releases/20170503175518 as ubuntu@coderpeter.se
  INFO [b83f6dae] Finished in 0.099 seconds with exit status 0 (successful).
  INFO [8dc2d4b2] Running /usr/bin/env ln -s /var/www/html/multigrass/shared/.env /var/www/html/multigrass/releases/20170503175518/.env as ubuntu@coderpeter.se
  INFO [8dc2d4b2] Finished in 0.097 seconds with exit status 0 (successful).
  INFO [43f2ce0d] Running /usr/bin/env mkdir -p /var/www/html/multigrass/releases/20170503175518/web/app as ubuntu@coderpeter.se
  INFO [43f2ce0d] Finished in 0.103 seconds with exit status 0 (successful).
  INFO [29f69b5c] Running /usr/bin/env rm -rf /var/www/html/multigrass/releases/20170503175518/web/app/uploads as ubuntu@coderpeter.se
  INFO [29f69b5c] Finished in 0.093 seconds with exit status 0 (successful).
  INFO [76852b43] Running /usr/bin/env ln -s /var/www/html/multigrass/shared/web/app/uploads /var/www/html/multigrass/releases/20170503175518/web/app/uploads as ubuntu@coderpeter.se
  INFO [76852b43] Finished in 0.096 seconds with exit status 0 (successful).
  INFO [600e390e] Running /usr/bin/env composer install --no-dev --prefer-dist --no-interaction --quiet --optimize-autoloader as ubuntu@coderpeter.se
  INFO [600e390e] Finished in 1.025 seconds with exit status 0 (successful).
  INFO [250d4564] Running /usr/bin/env ln -s /var/www/html/multigrass/releases/20170503175518 /var/www/html/multigrass/releases/current as ubuntu@coderpeter.se
  INFO [250d4564] Finished in 0.098 seconds with exit status 0 (successful).
  INFO [38bcff4b] Running /usr/bin/env mv /var/www/html/multigrass/releases/current /var/www/html/multigrass as ubuntu@coderpeter.se
  INFO [38bcff4b] Finished in 0.095 seconds with exit status 0 (successful).
  INFO [0643b74c] Running /usr/bin/env echo 'blaa' >  /var/www/html/multigrass/works.txt as ubuntu@coderpeter.se
  INFO [0643b74c] Finished in 0.105 seconds with exit status 0 (successful).
  INFO Keeping 5 of 6 deployed releases on coderpeter.se
  INFO [edbe144c] Running /usr/bin/env rm -rf /var/www/html/multigrass/releases/20170503163138 as ubuntu@coderpeter.se
  INFO [edbe144c] Finished in 0.122 seconds with exit status 0 (successful).
  INFO [dbcfe60e] Running /usr/bin/env echo "Branch master (at f682938096c5ec264feb085a254fe493e10631f0) deployed as release 20170503175518 by peterkohlichhaus" >> /var/www/html/multigrass/revisions.log as ubuntu@coderpeter.se
  INFO [dbcfe60e] Finished in 0.096 seconds with exit status 0 (successful).
  INFO ---------------------------------------------------------------------------
  INFO START 2017-05-03 19:56:32 +0200 cap staging deploy
  INFO ---------------------------------------------------------------------------
  INFO [0ee96b32] Running /usr/bin/env mkdir -p /tmp as ubuntu@coderpeter.se
  INFO [0ee96b32] Finished in 0.610 seconds with exit status 0 (successful).
  INFO Uploading /tmp/git-ssh-multigrass-staging-peterkohlichhaus.sh 100.0%
  INFO [5c107c3f] Running /usr/bin/env chmod 700 /tmp/git-ssh-multigrass-staging-peterkohlichhaus.sh as ubuntu@coderpeter.se
  INFO [5c107c3f] Finished in 0.092 seconds with exit status 0 (successful).
  INFO [92e555e0] Running /usr/bin/env git ls-remote https://github.com/PeterKohlichhaus/multigrass HEAD as ubuntu@coderpeter.se
  INFO [92e555e0] Finished in 0.756 seconds with exit status 0 (successful).
  INFO [ac1c28c2] Running /usr/bin/env mkdir -p /var/www/html/multigrass/shared /var/www/html/multigrass/releases as ubuntu@coderpeter.se
  INFO [ac1c28c2] Finished in 0.089 seconds with exit status 0 (successful).
  INFO [afc1f771] Running /usr/bin/env mkdir -p /var/www/html/multigrass/shared/web/app/uploads as ubuntu@coderpeter.se
  INFO [afc1f771] Finished in 0.092 seconds with exit status 0 (successful).
  INFO [335268fa] Running /usr/bin/env mkdir -p /var/www/html/multigrass/shared as ubuntu@coderpeter.se
  INFO [335268fa] Finished in 0.088 seconds with exit status 0 (successful).
  INFO The repository mirror is at /var/www/html/multigrass/repo
  INFO [a4ccfb71] Running /usr/bin/env git remote set-url origin https://github.com/PeterKohlichhaus/multigrass as ubuntu@coderpeter.se
  INFO [a4ccfb71] Finished in 0.092 seconds with exit status 0 (successful).
  INFO [b058eb6d] Running /usr/bin/env git remote update --prune as ubuntu@coderpeter.se
  INFO [b058eb6d] Finished in 0.709 seconds with exit status 0 (successful).
  INFO [99b81b55] Running /usr/bin/env mkdir -p /var/www/html/multigrass/releases/20170503175634 as ubuntu@coderpeter.se
  INFO [99b81b55] Finished in 0.091 seconds with exit status 0 (successful).
  INFO [02762977] Running /usr/bin/env git archive master | /usr/bin/env tar -x -f - -C /var/www/html/multigrass/releases/20170503175634 as ubuntu@coderpeter.se
  INFO [02762977] Finished in 0.110 seconds with exit status 0 (successful).
  INFO [0c904158] Running /usr/bin/env echo "f682938096c5ec264feb085a254fe493e10631f0" >> REVISION as ubuntu@coderpeter.se
  INFO [0c904158] Finished in 0.097 seconds with exit status 0 (successful).
  INFO [ceb3096c] Running /usr/bin/env mkdir -p /var/www/html/multigrass/releases/20170503175634 as ubuntu@coderpeter.se
  INFO [ceb3096c] Finished in 0.092 seconds with exit status 0 (successful).
  INFO [f5aef873] Running /usr/bin/env ln -s /var/www/html/multigrass/shared/.env /var/www/html/multigrass/releases/20170503175634/.env as ubuntu@coderpeter.se
  INFO [f5aef873] Finished in 0.091 seconds with exit status 0 (successful).
  INFO [00c53c65] Running /usr/bin/env mkdir -p /var/www/html/multigrass/releases/20170503175634/web/app as ubuntu@coderpeter.se
  INFO [00c53c65] Finished in 0.098 seconds with exit status 0 (successful).
  INFO [7a6dbd4e] Running /usr/bin/env rm -rf /var/www/html/multigrass/releases/20170503175634/web/app/uploads as ubuntu@coderpeter.se
  INFO [7a6dbd4e] Finished in 0.093 seconds with exit status 0 (successful).
  INFO [183f9a33] Running /usr/bin/env ln -s /var/www/html/multigrass/shared/web/app/uploads /var/www/html/multigrass/releases/20170503175634/web/app/uploads as ubuntu@coderpeter.se
  INFO [183f9a33] Finished in 0.093 seconds with exit status 0 (successful).
  INFO [94435e38] Running /usr/bin/env composer install --no-dev --prefer-dist --no-interaction --quiet --optimize-autoloader as ubuntu@coderpeter.se
  INFO [94435e38] Finished in 1.069 seconds with exit status 0 (successful).
  INFO [aad33072] Running /usr/bin/env ln -s /var/www/html/multigrass/releases/20170503175634 /var/www/html/multigrass/releases/current as ubuntu@coderpeter.se
  INFO [aad33072] Finished in 0.098 seconds with exit status 0 (successful).
  INFO [cc089b55] Running /usr/bin/env mv /var/www/html/multigrass/releases/current /var/www/html/multigrass as ubuntu@coderpeter.se
  INFO [cc089b55] Finished in 0.091 seconds with exit status 0 (successful).
  INFO [5cf2ff0e] Running /usr/bin/env echo 'blaa' >  /var/www/html/multigrass/works.txt as ubuntu@coderpeter.se
  INFO [5cf2ff0e] Finished in 0.091 seconds with exit status 0 (successful).
  INFO Keeping 5 of 6 deployed releases on coderpeter.se
  INFO [909a89b2] Running /usr/bin/env rm -rf /var/www/html/multigrass/releases/20170503171120 as ubuntu@coderpeter.se
  INFO [909a89b2] Finished in 0.116 seconds with exit status 0 (successful).
  INFO [4aa7f9ba] Running /usr/bin/env echo "Branch master (at f682938096c5ec264feb085a254fe493e10631f0) deployed as release 20170503175634 by peterkohlichhaus" >> /var/www/html/multigrass/revisions.log as ubuntu@coderpeter.se
  INFO [4aa7f9ba] Finished in 0.093 seconds with exit status 0 (successful).
  INFO ---------------------------------------------------------------------------
  INFO START 2017-05-03 19:57:43 +0200 cap staging deploy
  INFO ---------------------------------------------------------------------------
  INFO [445f5f15] Running /usr/bin/env mkdir -p /tmp as ubuntu@coderpeter.se
  INFO [445f5f15] Finished in 0.599 seconds with exit status 0 (successful).
  INFO Uploading /tmp/git-ssh-multigrass-staging-peterkohlichhaus.sh 100.0%
  INFO [a6735536] Running /usr/bin/env chmod 700 /tmp/git-ssh-multigrass-staging-peterkohlichhaus.sh as ubuntu@coderpeter.se
  INFO [a6735536] Finished in 0.099 seconds with exit status 0 (successful).
  INFO [d1021c13] Running /usr/bin/env git ls-remote https://github.com/PeterKohlichhaus/multigrass HEAD as ubuntu@coderpeter.se
  INFO [d1021c13] Finished in 0.728 seconds with exit status 0 (successful).
  INFO [92e6d12d] Running /usr/bin/env mkdir -p /var/www/html/multigrass/shared /var/www/html/multigrass/releases as ubuntu@coderpeter.se
  INFO [92e6d12d] Finished in 0.097 seconds with exit status 0 (successful).
  INFO [e96e4124] Running /usr/bin/env mkdir -p /var/www/html/multigrass/shared/web/app/uploads as ubuntu@coderpeter.se
  INFO [e96e4124] Finished in 0.100 seconds with exit status 0 (successful).
  INFO [1170d262] Running /usr/bin/env mkdir -p /var/www/html/multigrass/shared as ubuntu@coderpeter.se
  INFO [1170d262] Finished in 0.097 seconds with exit status 0 (successful).
  INFO The repository mirror is at /var/www/html/multigrass/repo
  INFO [e805fb28] Running /usr/bin/env git remote set-url origin https://github.com/PeterKohlichhaus/multigrass as ubuntu@coderpeter.se
  INFO [e805fb28] Finished in 0.100 seconds with exit status 0 (successful).
  INFO [f39cc84a] Running /usr/bin/env git remote update --prune as ubuntu@coderpeter.se
  INFO [f39cc84a] Finished in 0.848 seconds with exit status 0 (successful).
  INFO [89eb1c0e] Running /usr/bin/env mkdir -p /var/www/html/multigrass/releases/20170503175745 as ubuntu@coderpeter.se
  INFO [89eb1c0e] Finished in 0.099 seconds with exit status 0 (successful).
  INFO [7c66787c] Running /usr/bin/env git archive master | /usr/bin/env tar -x -f - -C /var/www/html/multigrass/releases/20170503175745 as ubuntu@coderpeter.se
  INFO [7c66787c] Finished in 0.123 seconds with exit status 0 (successful).
  INFO [1a559717] Running /usr/bin/env echo "ea2a732832be26c6ecf57854725221fbb4497837" >> REVISION as ubuntu@coderpeter.se
  INFO [1a559717] Finished in 0.100 seconds with exit status 0 (successful).
  INFO [5db89ec1] Running /usr/bin/env mkdir -p /var/www/html/multigrass/releases/20170503175745 as ubuntu@coderpeter.se
  INFO [5db89ec1] Finished in 0.098 seconds with exit status 0 (successful).
  INFO [465c83b9] Running /usr/bin/env ln -s /var/www/html/multigrass/shared/.env /var/www/html/multigrass/releases/20170503175745/.env as ubuntu@coderpeter.se
  INFO [465c83b9] Finished in 0.103 seconds with exit status 0 (successful).
  INFO [d12351b0] Running /usr/bin/env mkdir -p /var/www/html/multigrass/releases/20170503175745/web/app as ubuntu@coderpeter.se
  INFO [d12351b0] Finished in 0.101 seconds with exit status 0 (successful).
  INFO [ee3ab05b] Running /usr/bin/env rm -rf /var/www/html/multigrass/releases/20170503175745/web/app/uploads as ubuntu@coderpeter.se
  INFO [ee3ab05b] Finished in 0.105 seconds with exit status 0 (successful).
  INFO [4c26a539] Running /usr/bin/env ln -s /var/www/html/multigrass/shared/web/app/uploads /var/www/html/multigrass/releases/20170503175745/web/app/uploads as ubuntu@coderpeter.se
  INFO [4c26a539] Finished in 0.102 seconds with exit status 0 (successful).
  INFO [2399a306] Running /usr/bin/env composer install --no-dev --prefer-dist --no-interaction --quiet --optimize-autoloader as ubuntu@coderpeter.se
  INFO [2399a306] Finished in 1.041 seconds with exit status 0 (successful).
  INFO [adbd5246] Running /usr/bin/env ln -s /var/www/html/multigrass/releases/20170503175745 /var/www/html/multigrass/releases/current as ubuntu@coderpeter.se
  INFO [adbd5246] Finished in 0.104 seconds with exit status 0 (successful).
  INFO [6a31c54e] Running /usr/bin/env mv /var/www/html/multigrass/releases/current /var/www/html/multigrass as ubuntu@coderpeter.se
  INFO [6a31c54e] Finished in 0.103 seconds with exit status 0 (successful).
  INFO [c1cffd62] Running /usr/bin/env echo 'blaa' >  /var/www/html/multigrass/works.txt as ubuntu@coderpeter.se
  INFO [c1cffd62] Finished in 0.099 seconds with exit status 0 (successful).
  INFO Keeping 5 of 6 deployed releases on coderpeter.se
  INFO [311b5045] Running /usr/bin/env rm -rf /var/www/html/multigrass/releases/20170503172650 as ubuntu@coderpeter.se
  INFO [311b5045] Finished in 0.124 seconds with exit status 0 (successful).
  INFO [dad2d9e2] Running /usr/bin/env echo "Branch master (at ea2a732832be26c6ecf57854725221fbb4497837) deployed as release 20170503175745 by peterkohlichhaus" >> /var/www/html/multigrass/revisions.log as ubuntu@coderpeter.se
  INFO [dad2d9e2] Finished in 0.097 seconds with exit status 0 (successful).
  INFO ---------------------------------------------------------------------------
  INFO START 2017-05-03 19:59:18 +0200 cap staging deploy
  INFO ---------------------------------------------------------------------------
  INFO [56c0ff27] Running /usr/bin/env mkdir -p /tmp as ubuntu@coderpeter.se
  INFO [56c0ff27] Finished in 0.610 seconds with exit status 0 (successful).
  INFO Uploading /tmp/git-ssh-multigrass-staging-peterkohlichhaus.sh 100.0%
  INFO [e4511e7c] Running /usr/bin/env chmod 700 /tmp/git-ssh-multigrass-staging-peterkohlichhaus.sh as ubuntu@coderpeter.se
  INFO [e4511e7c] Finished in 0.099 seconds with exit status 0 (successful).
  INFO [bdc043a7] Running /usr/bin/env git ls-remote https://github.com/PeterKohlichhaus/multigrass HEAD as ubuntu@coderpeter.se
  INFO [bdc043a7] Finished in 0.686 seconds with exit status 0 (successful).
  INFO [73d7e1f8] Running /usr/bin/env mkdir -p /var/www/html/multigrass/shared /var/www/html/multigrass/releases as ubuntu@coderpeter.se
  INFO [73d7e1f8] Finished in 0.109 seconds with exit status 0 (successful).
  INFO [ce49ae91] Running /usr/bin/env mkdir -p /var/www/html/multigrass/shared/web/app/uploads as ubuntu@coderpeter.se
  INFO [ce49ae91] Finished in 0.104 seconds with exit status 0 (successful).
  INFO [9c13fd40] Running /usr/bin/env mkdir -p /var/www/html/multigrass/shared as ubuntu@coderpeter.se
  INFO [9c13fd40] Finished in 0.099 seconds with exit status 0 (successful).
  INFO The repository mirror is at /var/www/html/multigrass/repo
  INFO [007898e6] Running /usr/bin/env git remote set-url origin https://github.com/PeterKohlichhaus/multigrass as ubuntu@coderpeter.se
  INFO [007898e6] Finished in 0.098 seconds with exit status 0 (successful).
  INFO [0ab930f1] Running /usr/bin/env git remote update --prune as ubuntu@coderpeter.se
  INFO [0ab930f1] Finished in 0.910 seconds with exit status 0 (successful).
  INFO [75cab4fa] Running /usr/bin/env mkdir -p /var/www/html/multigrass/releases/20170503175921 as ubuntu@coderpeter.se
  INFO [75cab4fa] Finished in 0.098 seconds with exit status 0 (successful).
  INFO [bf27e8a5] Running /usr/bin/env git archive master | /usr/bin/env tar -x -f - -C /var/www/html/multigrass/releases/20170503175921 as ubuntu@coderpeter.se
  INFO [bf27e8a5] Finished in 0.127 seconds with exit status 0 (successful).
  INFO [a4417c98] Running /usr/bin/env echo "5104a7d9d5d36fab09613fbd750b74cd0911d335" >> REVISION as ubuntu@coderpeter.se
  INFO [a4417c98] Finished in 0.101 seconds with exit status 0 (successful).
  INFO [a419d956] Running /usr/bin/env mkdir -p /var/www/html/multigrass/releases/20170503175921 as ubuntu@coderpeter.se
  INFO [a419d956] Finished in 0.098 seconds with exit status 0 (successful).
  INFO [b50f313e] Running /usr/bin/env ln -s /var/www/html/multigrass/shared/.env /var/www/html/multigrass/releases/20170503175921/.env as ubuntu@coderpeter.se
  INFO [b50f313e] Finished in 0.102 seconds with exit status 0 (successful).
  INFO [743a1189] Running /usr/bin/env mkdir -p /var/www/html/multigrass/releases/20170503175921/web/app as ubuntu@coderpeter.se
  INFO [743a1189] Finished in 0.106 seconds with exit status 0 (successful).
  INFO [c02ccd59] Running /usr/bin/env rm -rf /var/www/html/multigrass/releases/20170503175921/web/app/uploads as ubuntu@coderpeter.se
  INFO [c02ccd59] Finished in 0.105 seconds with exit status 0 (successful).
  INFO [37e23795] Running /usr/bin/env ln -s /var/www/html/multigrass/shared/web/app/uploads /var/www/html/multigrass/releases/20170503175921/web/app/uploads as ubuntu@coderpeter.se
  INFO [37e23795] Finished in 0.097 seconds with exit status 0 (successful).
  INFO [9e19a272] Running /usr/bin/env composer install --no-dev --prefer-dist --no-interaction --quiet --optimize-autoloader as ubuntu@coderpeter.se
  INFO [9e19a272] Finished in 1.003 seconds with exit status 0 (successful).
  INFO [05c5923b] Running /usr/bin/env ln -s /var/www/html/multigrass/releases/20170503175921 /var/www/html/multigrass/releases/current as ubuntu@coderpeter.se
  INFO [05c5923b] Finished in 0.100 seconds with exit status 0 (successful).
  INFO [5993b4cd] Running /usr/bin/env mv /var/www/html/multigrass/releases/current /var/www/html/multigrass as ubuntu@coderpeter.se
  INFO [5993b4cd] Finished in 0.098 seconds with exit status 0 (successful).
  INFO [7f51e227] Running /usr/bin/env echo 'blaa' >  /var/www/html/multigrass/works.txt as ubuntu@coderpeter.se
  INFO [7f51e227] Finished in 0.102 seconds with exit status 0 (successful).
  INFO Keeping 5 of 6 deployed releases on coderpeter.se
  INFO [b8d146e8] Running /usr/bin/env rm -rf /var/www/html/multigrass/releases/20170503174439 as ubuntu@coderpeter.se
  INFO [b8d146e8] Finished in 0.123 seconds with exit status 0 (successful).
  INFO [4b8df73e] Running /usr/bin/env echo "Branch master (at 5104a7d9d5d36fab09613fbd750b74cd0911d335) deployed as release 20170503175921 by peterkohlichhaus" >> /var/www/html/multigrass/revisions.log as ubuntu@coderpeter.se
  INFO [4b8df73e] Finished in 0.096 seconds with exit status 0 (successful).
